<?xml version="1.0" encoding="UTF-8"?>
<!-- Generated by org.testng.reporters.JUnitXMLReporter -->
<testsuite ignored="0" hostname="DESKTOP-I0RR7MU" failures="0" tests="5" name="Default test" time="219.728" errors="0" timestamp="2020-09-21T14:41:00 IST">
  <testcase classname="com.orangehrm.qa.testcases.LeavePageTest" name="verifyleaveListLabelTest" time="0.26"/>
  <testcase classname="com.orangehrm.qa.testcases.LeavePageTest" name="verifyCheckBox" time="0.293"/>
  <testcase classname="com.orangehrm.qa.testcases.LeavePageTest" name="validateAddEntitleMent" time="8.586"/>
  <testcase classname="com.orangehrm.qa.testcases.LeavePageTest" name="validateAddEntitleMent" time="8.668"/>
  <testcase classname="com.orangehrm.qa.testcases.LeavePageTest" name="validateAddEntitleMent" time="12.139"/>
</testsuite> <!-- Default test -->
