<?xml version="1.0" encoding="UTF-8"?>
<testsuite xmlns:xsi="http://www.w3.org/2001/XMLSchema-instance" xsi:noNamespaceSchemaLocation="https://maven.apache.org/surefire/maven-surefire-plugin/xsd/surefire-test-report.xsd" name="TestSuite" time="486.588" tests="13" errors="0" skipped="2" failures="2">
  <properties>
[...]
</properties>
  <testcase name="verifyHomePageTitleTest" classname="com.orangehrm.qa.testcases.HomePageTest" time="0.113"/>
  <testcase name="verifyUserNameTest" classname="com.orangehrm.qa.testcases.HomePageTest" time="10.597">
    <failure message="no such element: Unable to locate element: {&quot;method&quot;:&quot;xpath&quot;,&quot;selector&quot;:&quot;//a[contains(text(),&apos;Welcome Demo_RBD&apos;)]&quot;}&#10;  (Session info: chrome=85.0.4183.102)&#10;For documentation on this error, please visit: https://www.seleniumhq.org/exceptions/no_such_element.html&#10;Build info: version: &apos;3.141.59&apos;, revision: &apos;e82be7d358&apos;, time: &apos;2018-11-14T08:17:03&apos;&#10;System info: host: &apos;DESKTOP-I0RR7MU&apos;, ip: &apos;192.168.56.1&apos;, os.name: &apos;Windows 10&apos;, os.arch: &apos;amd64&apos;, os.version: &apos;10.0&apos;, java.version: &apos;11.0.8&apos;&#10;Driver info: org.openqa.selenium.chrome.ChromeDriver&#10;Capabilities {acceptInsecureCerts: false, browserName: chrome, browserVersion: 85.0.4183.102, chrome: {chromedriverVersion: 85.0.4183.83 (94abc2237ae0c..., userDataDir: C:\Users\CHETAN~1\AppData\L...}, goog:chromeOptions: {debuggerAddress: localhost:50554}, javascriptEnabled: true, networkConnectionEnabled: false, pageLoadStrategy: normal, platform: WINDOWS, platformName: WINDOWS, proxy: Proxy(), setWindowRect: true, strictFileInteractability: false, timeouts: {implicit: 0, pageLoad: 300000, script: 30000}, unhandledPromptBehavior: dismiss and notify, webauthn:virtualAuthenticators: true}&#10;Session ID: 71d0de1bf202b192dbbcbe2da78d68a0&#10;*** Element info: {Using=xpath, value=//a[contains(text(),&apos;Welcome Demo_RBD&apos;)]}" type="org.openqa.selenium.NoSuchElementException">org.openqa.selenium.NoSuchElementException: 
no such element: Unable to locate element: {"method":"xpath","selector":"//a[contains(text(),'Welcome Demo_RBD')]"}
  (Session info: chrome=85.0.4183.102)
For documentation on this error, please visit: https://www.seleniumhq.org/exceptions/no_such_element.html
Build info: version: '3.141.59', revision: 'e82be7d358', time: '2018-11-14T08:17:03'
System info: host: 'DESKTOP-I0RR7MU', ip: '192.168.56.1', os.name: 'Windows 10', os.arch: 'amd64', os.version: '10.0', java.version: '11.0.8'
Driver info: org.openqa.selenium.chrome.ChromeDriver
Capabilities {acceptInsecureCerts: false, browserName: chrome, browserVersion: 85.0.4183.102, chrome: {chromedriverVersion: 85.0.4183.83 (94abc2237ae0c..., userDataDir: C:\Users\CHETAN~1\AppData\L...}, goog:chromeOptions: {debuggerAddress: localhost:50554}, javascriptEnabled: true, networkConnectionEnabled: false, pageLoadStrategy: normal, platform: WINDOWS, platformName: WINDOWS, proxy: Proxy(), setWindowRect: true, strictFileInteractability: false, timeouts: {implicit: 0, pageLoad: 300000, script: 30000}, unhandledPromptBehavior: dismiss and notify, webauthn:virtualAuthenticators: true}
Session ID: 71d0de1bf202b192dbbcbe2da78d68a0
*** Element info: {Using=xpath, value=//a[contains(text(),'Welcome Demo_RBD')]}
	at com.orangehrm.qa.testcases.HomePageTest.verifyUserNameTest(HomePageTest.java:54)
</failure>
    <system-out><![CDATA[Before navigating to: 'https://opensource-demo.orangehrmlive.com/'
Navigated to:'https://opensource-demo.orangehrmlive.com/'
Trying to find Element By : By.name: txtUsername
Found Element By : By.name: txtUsername
Trying to find Element By : By.name: txtPassword
Found Element By : By.name: txtPassword
Trying to find Element By : By.xpath: //input[contains(@id,'btnLogin')]
Found Element By : By.xpath: //input[contains(@id,'btnLogin')]
Trying to click on: [[ChromeDriver: chrome on WINDOWS (71d0de1bf202b192dbbcbe2da78d68a0)] -> xpath: //input[contains(@id,'btnLogin')]]
Clicked on: [[ChromeDriver: chrome on WINDOWS (71d0de1bf202b192dbbcbe2da78d68a0)] -> xpath: //input[contains(@id,'btnLogin')]]
Trying to find Element By : By.xpath: //a[contains(text(),'Welcome Demo_RBD')]
Exception occured: org.openqa.selenium.NoSuchElementException: no such element: Unable to locate element: {"method":"xpath","selector":"//a[contains(text(),'Welcome Demo_RBD')]"}
  (Session info: chrome=85.0.4183.102)
For documentation on this error, please visit: https://www.seleniumhq.org/exceptions/no_such_element.html
Build info: version: '3.141.59', revision: 'e82be7d358', time: '2018-11-14T08:17:03'
System info: host: 'DESKTOP-I0RR7MU', ip: '192.168.56.1', os.name: 'Windows 10', os.arch: 'amd64', os.version: '10.0', java.version: '11.0.8'
Driver info: org.openqa.selenium.chrome.ChromeDriver
Capabilities {acceptInsecureCerts: false, browserName: chrome, browserVersion: 85.0.4183.102, chrome: {chromedriverVersion: 85.0.4183.83 (94abc2237ae0c..., userDataDir: C:\Users\CHETAN~1\AppData\L...}, goog:chromeOptions: {debuggerAddress: localhost:50554}, javascriptEnabled: true, networkConnectionEnabled: false, pageLoadStrategy: normal, platform: WINDOWS, platformName: WINDOWS, proxy: Proxy(), setWindowRect: true, strictFileInteractability: false, timeouts: {implicit: 0, pageLoad: 300000, script: 30000}, unhandledPromptBehavior: dismiss and notify, webauthn:virtualAuthenticators: true}
Session ID: 71d0de1bf202b192dbbcbe2da78d68a0
*** Element info: {Using=xpath, value=//a[contains(text(),'Welcome Demo_RBD')]}
]]></system-out>
    <system-err><![CDATA[Starting ChromeDriver 85.0.4183.83 (94abc2237ae0c9a4cb5f035431c8adfb94324633-refs/branch-heads/4183@{#1658}) on port 41471
Only local connections are allowed.
Please see https://chromedriver.chromium.org/security-considerations for suggestions on keeping ChromeDriver safe.
ChromeDriver was started successfully.
Sep 22, 2020 6:55:41 PM org.openqa.selenium.remote.ProtocolHandshake createSession
INFO: Detected dialect: W3C
]]></system-err>
  </testcase>
  <testcase name="verifyLeaveLinkTest" classname="com.orangehrm.qa.testcases.HomePageTest" time="5.495"/>
  <testcase name="verifyleaveListLabelTest" classname="com.orangehrm.qa.testcases.LeavePageTest" time="2.289"/>
  <testcase name="verifyCheckBox" classname="com.orangehrm.qa.testcases.LeavePageTest" time="0.486"/>
  <testcase name="validateAddEntitleMent" classname="com.orangehrm.qa.testcases.LeavePageTest" time="15.734"/>
  <testcase name="validateAddEntitleMent" classname="com.orangehrm.qa.testcases.LeavePageTest" time="14.303"/>
  <testcase name="validateAddEntitleMent" classname="com.orangehrm.qa.testcases.LeavePageTest" time="13.971"/>
  <testcase name="loginPageTitleTest" classname="com.orangehrm.qa.testcases.LoginpageTest" time="0.22"/>
  <testcase name="orangeHRMImageLogoTest" classname="com.orangehrm.qa.testcases.LoginpageTest" time="0.62"/>
  <testcase name="setUp" classname="com.orangehrm.qa.testcases.LoginpageTest" time="28.425">
    <failure message="timeout: Timed out receiving message from renderer: -0.000&#10;  (Session info: chrome=85.0.4183.102)&#10;Build info: version: &apos;3.141.59&apos;, revision: &apos;e82be7d358&apos;, time: &apos;2018-11-14T08:17:03&apos;&#10;System info: host: &apos;DESKTOP-I0RR7MU&apos;, ip: &apos;192.168.56.1&apos;, os.name: &apos;Windows 10&apos;, os.arch: &apos;amd64&apos;, os.version: &apos;10.0&apos;, java.version: &apos;11.0.8&apos;&#10;Driver info: org.openqa.selenium.chrome.ChromeDriver&#10;Capabilities {acceptInsecureCerts: false, browserName: chrome, browserVersion: 85.0.4183.102, chrome: {chromedriverVersion: 85.0.4183.83 (94abc2237ae0c..., userDataDir: C:\Users\CHETAN~1\AppData\L...}, goog:chromeOptions: {debuggerAddress: localhost:50961}, javascriptEnabled: true, networkConnectionEnabled: false, pageLoadStrategy: normal, platform: WINDOWS, platformName: WINDOWS, proxy: Proxy(), setWindowRect: true, strictFileInteractability: false, timeouts: {implicit: 0, pageLoad: 300000, script: 30000}, unhandledPromptBehavior: dismiss and notify, webauthn:virtualAuthenticators: true}&#10;Session ID: 534faea0a3deb1ea251088a48ecf6afd" type="org.openqa.selenium.TimeoutException">org.openqa.selenium.TimeoutException: 
timeout: Timed out receiving message from renderer: -0.000
  (Session info: chrome=85.0.4183.102)
Build info: version: '3.141.59', revision: 'e82be7d358', time: '2018-11-14T08:17:03'
System info: host: 'DESKTOP-I0RR7MU', ip: '192.168.56.1', os.name: 'Windows 10', os.arch: 'amd64', os.version: '10.0', java.version: '11.0.8'
Driver info: org.openqa.selenium.chrome.ChromeDriver
Capabilities {acceptInsecureCerts: false, browserName: chrome, browserVersion: 85.0.4183.102, chrome: {chromedriverVersion: 85.0.4183.83 (94abc2237ae0c..., userDataDir: C:\Users\CHETAN~1\AppData\L...}, goog:chromeOptions: {debuggerAddress: localhost:50961}, javascriptEnabled: true, networkConnectionEnabled: false, pageLoadStrategy: normal, platform: WINDOWS, platformName: WINDOWS, proxy: Proxy(), setWindowRect: true, strictFileInteractability: false, timeouts: {implicit: 0, pageLoad: 300000, script: 30000}, unhandledPromptBehavior: dismiss and notify, webauthn:virtualAuthenticators: true}
Session ID: 534faea0a3deb1ea251088a48ecf6afd
	at com.orangehrm.qa.testcases.LoginpageTest.setUp(LoginpageTest.java:25)
</failure>
    <system-out><![CDATA[Before navigating to: 'https://opensource-demo.orangehrmlive.com/'
Exception occured: org.openqa.selenium.TimeoutException: timeout: Timed out receiving message from renderer: -0.000
  (Session info: chrome=85.0.4183.102)
Build info: version: '3.141.59', revision: 'e82be7d358', time: '2018-11-14T08:17:03'
System info: host: 'DESKTOP-I0RR7MU', ip: '192.168.56.1', os.name: 'Windows 10', os.arch: 'amd64', os.version: '10.0', java.version: '11.0.8'
Driver info: org.openqa.selenium.chrome.ChromeDriver
Capabilities {acceptInsecureCerts: false, browserName: chrome, browserVersion: 85.0.4183.102, chrome: {chromedriverVersion: 85.0.4183.83 (94abc2237ae0c..., userDataDir: C:\Users\CHETAN~1\AppData\L...}, goog:chromeOptions: {debuggerAddress: localhost:50961}, javascriptEnabled: true, networkConnectionEnabled: false, pageLoadStrategy: normal, platform: WINDOWS, platformName: WINDOWS, proxy: Proxy(), setWindowRect: true, strictFileInteractability: false, timeouts: {implicit: 0, pageLoad: 300000, script: 30000}, unhandledPromptBehavior: dismiss and notify, webauthn:virtualAuthenticators: true}
Session ID: 534faea0a3deb1ea251088a48ecf6afd
]]></system-out>
    <system-err><![CDATA[Starting ChromeDriver 85.0.4183.83 (94abc2237ae0c9a4cb5f035431c8adfb94324633-refs/branch-heads/4183@{#1658}) on port 11266
Only local connections are allowed.
Please see https://chromedriver.chromium.org/security-considerations for suggestions on keeping ChromeDriver safe.
ChromeDriver was started successfully.
Sep 22, 2020 7:01:05 PM org.openqa.selenium.remote.ProtocolHandshake createSession
INFO: Detected dialect: W3C
[1600781488.495][SEVERE]: Timed out receiving message from renderer: 20.000
[1600781488.496][SEVERE]: Timed out receiving message from renderer: -0.000
[1600781488.509][SEVERE]: Timed out receiving message from renderer: -0.000
]]></system-err>
  </testcase>
  <testcase name="loginTest" classname="com.orangehrm.qa.testcases.LoginpageTest" time="0">
    <skipped message="timeout: Timed out receiving message from renderer: -0.000&#10;  (Session info: chrome=85.0.4183.102)&#10;Build info: version: &apos;3.141.59&apos;, revision: &apos;e82be7d358&apos;, time: &apos;2018-11-14T08:17:03&apos;&#10;System info: host: &apos;DESKTOP-I0RR7MU&apos;, ip: &apos;192.168.56.1&apos;, os.name: &apos;Windows 10&apos;, os.arch: &apos;amd64&apos;, os.version: &apos;10.0&apos;, java.version: &apos;11.0.8&apos;&#10;Driver info: org.openqa.selenium.chrome.ChromeDriver&#10;Capabilities {acceptInsecureCerts: false, browserName: chrome, browserVersion: 85.0.4183.102, chrome: {chromedriverVersion: 85.0.4183.83 (94abc2237ae0c..., userDataDir: C:\Users\CHETAN~1\AppData\L...}, goog:chromeOptions: {debuggerAddress: localhost:50961}, javascriptEnabled: true, networkConnectionEnabled: false, pageLoadStrategy: normal, platform: WINDOWS, platformName: WINDOWS, proxy: Proxy(), setWindowRect: true, strictFileInteractability: false, timeouts: {implicit: 0, pageLoad: 300000, script: 30000}, unhandledPromptBehavior: dismiss and notify, webauthn:virtualAuthenticators: true}&#10;Session ID: 534faea0a3deb1ea251088a48ecf6afd"/>
  </testcase>
  <testcase name="tearDown" classname="com.orangehrm.qa.testcases.LoginpageTest" time="0">
    <skipped/>
  </testcase>
</testsuite>